Line 1060: Class WMPLibCtl.WindowsMediaPlayer of control WindowsMediaPlayer1 was not a loaded control class.
Line 1066: The property name URL in WindowsMediaPlayer1 is invalid.
Line 1067: The property name rate in WindowsMediaPlayer1 is invalid.
Line 1068: The property name balance in WindowsMediaPlayer1 is invalid.
Line 1069: The property name currentPosition in WindowsMediaPlayer1 is invalid.
Line 1070: The property name defaultFrame in WindowsMediaPlayer1 is invalid.
Line 1071: The property name playCount in WindowsMediaPlayer1 is invalid.
Line 1072: The property name autoStart in WindowsMediaPlayer1 is invalid.
Line 1073: The property name currentMarker in WindowsMediaPlayer1 is invalid.
Line 1074: The property name invokeURLs in WindowsMediaPlayer1 is invalid.
Line 1075: The property name baseURL in WindowsMediaPlayer1 is invalid.
Line 1076: The property name volume in WindowsMediaPlayer1 is invalid.
Line 1077: The property name mute in WindowsMediaPlayer1 is invalid.
Line 1078: The property name uiMode in WindowsMediaPlayer1 is invalid.
Line 1079: The property name stretchToFit in WindowsMediaPlayer1 is invalid.
Line 1080: The property name windowlessVideo in WindowsMediaPlayer1 is invalid.
Line 1082: The property name enableContextMenu in WindowsMediaPlayer1 is invalid.
Line 1083: The property name fullScreen in WindowsMediaPlayer1 is invalid.
Line 1084: The property name SAMIStyle in WindowsMediaPlayer1 is invalid.
Line 1085: The property name SAMILang in WindowsMediaPlayer1 is invalid.
Line 1086: The property name SAMIFilename in WindowsMediaPlayer1 is invalid.
Line 1087: The property name captioningID in WindowsMediaPlayer1 is invalid.
Line 1088: The property name enableErrorDialogs in WindowsMediaPlayer1 is invalid.
Line 1089: The property name _cx in WindowsMediaPlayer1 is invalid.
Line 1090: The property name _cy in WindowsMediaPlayer1 is invalid.
Line 1066: The property name URL in WindowsMediaPlayer1 is invalid.
Line 1067: The property name rate in WindowsMediaPlayer1 is invalid.
Line 1068: The property name balance in WindowsMediaPlayer1 is invalid.
Line 1069: The property name currentPosition in WindowsMediaPlayer1 is invalid.
Line 1070: The property name defaultFrame in WindowsMediaPlayer1 is invalid.
Line 1071: The property name playCount in WindowsMediaPlayer1 is invalid.
Line 1072: The property name autoStart in WindowsMediaPlayer1 is invalid.
Line 1073: The property name currentMarker in WindowsMediaPlayer1 is invalid.
Line 1074: The property name invokeURLs in WindowsMediaPlayer1 is invalid.
Line 1075: The property name baseURL in WindowsMediaPlayer1 is invalid.
Line 1076: The property name volume in WindowsMediaPlayer1 is invalid.
Line 1077: The property name mute in WindowsMediaPlayer1 is invalid.
Line 1078: The property name uiMode in WindowsMediaPlayer1 is invalid.
Line 1079: The property name stretchToFit in WindowsMediaPlayer1 is invalid.
Line 1080: The property name windowlessVideo in WindowsMediaPlayer1 is invalid.
Line 1082: The property name enableContextMenu in WindowsMediaPlayer1 is invalid.
Line 1083: The property name fullScreen in WindowsMediaPlayer1 is invalid.
Line 1084: The property name SAMIStyle in WindowsMediaPlayer1 is invalid.
Line 1085: The property name SAMILang in WindowsMediaPlayer1 is invalid.
Line 1086: The property name SAMIFilename in WindowsMediaPlayer1 is invalid.
Line 1087: The property name captioningID in WindowsMediaPlayer1 is invalid.
Line 1088: The property name enableErrorDialogs in WindowsMediaPlayer1 is invalid.
Line 1089: The property name _cx in WindowsMediaPlayer1 is invalid.
Line 1090: The property name _cy in WindowsMediaPlayer1 is invalid.
